
**** Build of configuration Nios II for project lab1 ****

make all 
Info: Building ../lab1_bsp/
make --no-print-directory -C ../lab1_bsp/
[BSP build complete]
Info: Compiling lab2.c to obj/default/lab2.o
nios2-elf-gcc -xc -MP -MMD -c -I../lab1_bsp//HAL/inc -I../lab1_bsp/ -I../lab1_bsp//drivers/inc  -DSYSTEM_BUS_WIDTH=32 -pipe -D__hal__ -DALT_NO_INSTRUCTION_EMULATION -DALT_SINGLE_THREADED    -O0 -g -Wall   -EL -mno-hw-div -mno-hw-mul -mno-hw-mulx  -o obj/default/lab2.o lab2.c
In file included from lab2.c:3:
../lab1_bsp//HAL/inc/includes.h:22:23: error: os_cfg.h: No such file or directory
../lab1_bsp//HAL/inc/includes.h:23:24: error: ucos_ii.h: No such file or directory
lab2.c:14: error: expected '=', ',', ';', 'asm' or '__attribute__' before '*' token
lab2.c: In function 'isr_gate_timer':
lab2.c:55: warning: implicit declaration of function 'OSQPost'
lab2.c:55: error: 'msg_q' undeclared (first use in this function)
lab2.c:55: error: (Each undeclared identifier is reported only once
lab2.c:55: error: for each function it appears in.)
lab2.c: In function 'lcd_task':
lab2.c:70: warning: implicit declaration of function 'OSQPend'
lab2.c:70: error: 'msg_q' undeclared (first use in this function)
lab2.c:72: warning: format '%Lu' expects type 'long long unsigned int', but argument 3 has type 'INT32U'
lab2.c:72: warning: format '%Lu' expects type 'long long unsigned int', but argument 3 has type 'INT32U'
lab2.c:77: warning: implicit declaration of function 'OSTimeDlyHMSM'
lab2.c: In function 'main':
lab2.c:85: error: 'msg_q' undeclared (first use in this function)
lab2.c:85: warning: implicit declaration of function 'OSQCreate'
lab2.c:94: warning: implicit declaration of function 'OSTaskCreateExt'
lab2.c:102: error: 'OS_TASK_OPT_NONE' undeclared (first use in this function)
lab2.c:114: warning: implicit declaration of function 'OSStart'
make: *** [obj/default/lab2.o] Error 1

**** Build Finished ****
